
Nov 16, 2023 19:39:15.690 NEW SESSION
Nov 16, 2023 19:39:15.690 [3040:3400:1116/193915.687:ERROR:connection_factory_impl.cc(428)] Failed to connect to MCS endpoint with error -106
Nov 16, 2023 19:39:41.84 [3040:3400:1116/193941.084:ERROR:connection_factory_impl.cc(428)] Failed to connect to MCS endpoint with error -106
Nov 16, 2023 19:40:23.542 [3040:3400:1116/194023.542:ERROR:connection_factory_impl.cc(428)] Failed to connect to MCS endpoint with error -106
Nov 16, 2023 19:42:08.101 [3040:3400:1116/194208.101:ERROR:connection_factory_impl.cc(428)] Failed to connect to MCS endpoint with error -106
Nov 16, 2023 19:44:58.871 [3040:3400:1116/194458.871:ERROR:connection_factory_impl.cc(428)] Failed to connect to MCS endpoint with error -106
Nov 16, 2023 19:50:49.805 [3040:3400:1116/195049.805:ERROR:connection_factory_impl.cc(428)] Failed to connect to MCS endpoint with error -106
Nov 16, 2023 20:30:54.750 [3040:3400:1116/203054.750:ERROR:connection_factory_impl.cc(428)] Failed to connect to MCS endpoint with error -106
Nov 16, 2023 20:33:30.236 [14356:10892:1116/203330.236:ERROR:connection_factory_impl.cc(428)] Failed to connect to MCS endpoint with error -106
Nov 16, 2023 20:33:55.146 [14356:10892:1116/203355.146:ERROR:connection_factory_impl.cc(428)] Failed to connect to MCS endpoint with error -106
Nov 16, 2023 20:34:38.948 [14356:10892:1116/203438.948:ERROR:connection_factory_impl.cc(428)] Failed to connect to MCS endpoint with error -106
Nov 16, 2023 20:36:17.521 [14356:10892:1116/203617.521:ERROR:connection_factory_impl.cc(428)] Failed to connect to MCS endpoint with error -106
Nov 16, 2023 20:39:32.206 [14356:10892:1116/203932.205:ERROR:connection_factory_impl.cc(428)] Failed to connect to MCS endpoint with error -106
Nov 16, 2023 20:45:19.100 [14356:10892:1116/204519.100:ERROR:connection_factory_impl.cc(428)] Failed to connect to MCS endpoint with error -106
Nov 16, 2023 20:55:19.113 [14356:10892:1116/205519.112:ERROR:connection_factory_impl.cc(428)] Failed to connect to MCS endpoint with error -106

Nov 17, 2023 14:48:58.637 NEW SESSION
Nov 17, 2023 14:48:58.638 [5756:7292:1117/144858.634:ERROR:connection_factory_impl.cc(428)] Failed to connect to MCS endpoint with error -106
Nov 17, 2023 14:49:19.250 [5756:7292:1117/144919.249:ERROR:connection_factory_impl.cc(428)] Failed to connect to MCS endpoint with error -106
Nov 17, 2023 14:50:15.498 [5756:7292:1117/145015.498:ERROR:connection_factory_impl.cc(428)] Failed to connect to MCS endpoint with error -106
Nov 17, 2023 14:52:06.108 [5756:7292:1117/145206.107:ERROR:connection_factory_impl.cc(428)] Failed to connect to MCS endpoint with error -106
Nov 17, 2023 14:55:11.121 [5756:7292:1117/145511.121:ERROR:connection_factory_impl.cc(428)] Failed to connect to MCS endpoint with error -106
Nov 17, 2023 15:01:44.280 [5756:7292:1117/150144.279:ERROR:connection_factory_impl.cc(428)] Failed to connect to MCS endpoint with error -106
Nov 17, 2023 15:11:44.282 [5756:7292:1117/151144.282:ERROR:connection_factory_impl.cc(428)] Failed to connect to MCS endpoint with error -106
Nov 17, 2023 15:21:44.300 [5756:7292:1117/152144.300:ERROR:connection_factory_impl.cc(428)] Failed to connect to MCS endpoint with error -106
Nov 17, 2023 15:31:44.306 [5756:7292:1117/153144.306:ERROR:connection_factory_impl.cc(428)] Failed to connect to MCS endpoint with error -106
Nov 17, 2023 15:41:44.326 [5756:7292:1117/154144.326:ERROR:connection_factory_impl.cc(428)] Failed to connect to MCS endpoint with error -106
Nov 17, 2023 15:51:44.336 [5756:7292:1117/155144.336:ERROR:connection_factory_impl.cc(428)] Failed to connect to MCS endpoint with error -106
Nov 17, 2023 16:01:44.352 [5756:7292:1117/160144.352:ERROR:connection_factory_impl.cc(428)] Failed to connect to MCS endpoint with error -106
Nov 17, 2023 16:11:44.362 [5756:7292:1117/161144.362:ERROR:connection_factory_impl.cc(428)] Failed to connect to MCS endpoint with error -106

Nov 17, 2023 16:23:32.538 NEW SESSION
Nov 17, 2023 16:23:32.538 [9340:12668:1117/162332.536:ERROR:connection_factory_impl.cc(428)] Failed to connect to MCS endpoint with error -106
Nov 17, 2023 16:23:59.291 [9340:12668:1117/162359.291:ERROR:connection_factory_impl.cc(428)] Failed to connect to MCS endpoint with error -106
Nov 17, 2023 16:24:53.566 [9340:12668:1117/162453.565:ERROR:connection_factory_impl.cc(428)] Failed to connect to MCS endpoint with error -106
Nov 17, 2023 16:26:30.363 [9340:12668:1117/162630.363:ERROR:connection_factory_impl.cc(428)] Failed to connect to MCS endpoint with error -106
Nov 17, 2023 16:29:26.604 [9340:12668:1117/162926.604:ERROR:connection_factory_impl.cc(428)] Failed to connect to MCS endpoint with error -106
Nov 17, 2023 16:37:23.256 [9340:12668:1117/163723.256:ERROR:connection_factory_impl.cc(428)] Failed to connect to MCS endpoint with error -106
Nov 17, 2023 16:47:23.280 [9340:12668:1117/164723.280:ERROR:connection_factory_impl.cc(428)] Failed to connect to MCS endpoint with error -106
Nov 17, 2023 16:57:23.293 [9340:12668:1117/165723.293:ERROR:connection_factory_impl.cc(428)] Failed to connect to MCS endpoint with error -106
Nov 17, 2023 17:07:23.309 [9340:12668:1117/170723.309:ERROR:connection_factory_impl.cc(428)] Failed to connect to MCS endpoint with error -106
Nov 17, 2023 17:17:23.324 [9340:12668:1117/171723.324:ERROR:connection_factory_impl.cc(428)] Failed to connect to MCS endpoint with error -106
Nov 17, 2023 18:22:42.857 [9340:12668:1117/182242.857:ERROR:connection_factory_impl.cc(428)] Failed to connect to MCS endpoint with error -106
Nov 17, 2023 18:22:50.881 [9340:12668:1117/182250.881:ERROR:connection_factory_impl.cc(428)] Failed to connect to MCS endpoint with error -105
Nov 17, 2023 18:26:41.479 [9340:12540:1117/182641.479:ERROR:interface_endpoint_client.cc(702)] Message 0 rejected by interface blink.mojom.WidgetHost
Nov 17, 2023 18:50:45.367 [9340:12540:1117/185045.365:ERROR:device_event_log_impl.cc(192)] [18:50:45.366] USB: usb_service_win.cc:104 SetupDiGetDeviceProperty({{A45C254E-DF1C-4EFD-8020-67D146A850E0}, 6}) failed: Element not found. (0x490)

Nov 18, 2023 15:20:40.755 NEW SESSION
Nov 18, 2023 15:20:40.756 [16592:16964:1118/152040.753:ERROR:connection_factory_impl.cc(428)] Failed to connect to MCS endpoint with error -106
Nov 18, 2023 15:21:03.153 [16592:16964:1118/152103.152:ERROR:connection_factory_impl.cc(428)] Failed to connect to MCS endpoint with error -106
Nov 18, 2023 15:21:43.461 [16592:16964:1118/152143.461:ERROR:connection_factory_impl.cc(428)] Failed to connect to MCS endpoint with error -106
Nov 18, 2023 15:23:11.537 [16592:16964:1118/152311.537:ERROR:connection_factory_impl.cc(428)] Failed to connect to MCS endpoint with error -106
Nov 18, 2023 15:26:12.659 [16592:16964:1118/152612.658:ERROR:connection_factory_impl.cc(428)] Failed to connect to MCS endpoint with error -106
Nov 18, 2023 15:28:10.649 [16592:16964:1118/152810.648:ERROR:connection_factory_impl.cc(428)] Failed to connect to MCS endpoint with error -105
Nov 18, 2023 15:28:15.290 [16592:16964:1118/152815.290:ERROR:connection_factory_impl.cc(428)] Failed to connect to MCS endpoint with error -105
Nov 18, 2023 15:28:20.800 [16592:16964:1118/152820.800:ERROR:connection_factory_impl.cc(428)] Failed to connect to MCS endpoint with error -105
Nov 18, 2023 15:28:25.292 [16592:16964:1118/152825.292:ERROR:connection_factory_impl.cc(428)] Failed to connect to MCS endpoint with error -105
Nov 18, 2023 15:28:38.798 [16592:16964:1118/152838.798:ERROR:connection_factory_impl.cc(428)] Failed to connect to MCS endpoint with error -105
Nov 18, 2023 15:28:46.293 [16592:16964:1118/152846.293:ERROR:connection_factory_impl.cc(428)] Failed to connect to MCS endpoint with error -105
Nov 18, 2023 15:28:51.295 [16592:16964:1118/152851.295:ERROR:connection_factory_impl.cc(428)] Failed to connect to MCS endpoint with error -105
Nov 18, 2023 15:29:07.289 [16592:16964:1118/152907.288:ERROR:connection_factory_impl.cc(428)] Failed to connect to MCS endpoint with error -105
Nov 18, 2023 15:29:17.293 [16592:16964:1118/152917.293:ERROR:connection_factory_impl.cc(428)] Failed to connect to MCS endpoint with error -105
Nov 18, 2023 15:29:22.296 [16592:16964:1118/152922.296:ERROR:connection_factory_impl.cc(428)] Failed to connect to MCS endpoint with error -105
Nov 18, 2023 15:29:26.288 [16592:16964:1118/152926.288:ERROR:connection_factory_impl.cc(428)] Failed to connect to MCS endpoint with error -105
Nov 18, 2023 15:29:32.287 [16592:16964:1118/152932.287:ERROR:connection_factory_impl.cc(428)] Failed to connect to MCS endpoint with error -105
Nov 18, 2023 15:29:46.289 [16592:16964:1118/152946.288:ERROR:connection_factory_impl.cc(428)] Failed to connect to MCS endpoint with error -105
Nov 18, 2023 15:29:54.294 [16592:16964:1118/152954.294:ERROR:connection_factory_impl.cc(428)] Failed to connect to MCS endpoint with error -105
Nov 18, 2023 15:29:58.798 [16592:16964:1118/152958.798:ERROR:connection_factory_impl.cc(428)] Failed to connect to MCS endpoint with error -105
Nov 18, 2023 15:30:07.790 [16592:16964:1118/153007.789:ERROR:connection_factory_impl.cc(428)] Failed to connect to MCS endpoint with error -105
Nov 18, 2023 15:30:18.285 [16592:16964:1118/153018.285:ERROR:connection_factory_impl.cc(428)] Failed to connect to MCS endpoint with error -105
Nov 18, 2023 15:30:21.633 [16592:16964:1118/153021.632:ERROR:connection_factory_impl.cc(428)] Failed to connect to MCS endpoint with error -105
Nov 18, 2023 15:30:28.317 [16592:16964:1118/153028.317:ERROR:connection_factory_impl.cc(428)] Failed to connect to MCS endpoint with error -105
Nov 18, 2023 15:30:31.440 [16592:16964:1118/153031.440:ERROR:connection_factory_impl.cc(428)] Failed to connect to MCS endpoint with error -105
Nov 18, 2023 15:30:34.969 [16592:16964:1118/153034.969:ERROR:connection_factory_impl.cc(428)] Failed to connect to MCS endpoint with error -105
Nov 18, 2023 15:31:02.920 [16592:16964:1118/153102.919:ERROR:connection_factory_impl.cc(428)] Failed to connect to MCS endpoint with error -105
Nov 18, 2023 15:31:07.985 [16592:16964:1118/153107.984:ERROR:connection_factory_impl.cc(428)] Failed to connect to MCS endpoint with error -106
Nov 18, 2023 15:41:07.993 [16592:16964:1118/154107.993:ERROR:connection_factory_impl.cc(428)] Failed to connect to MCS endpoint with error -106
Nov 18, 2023 15:49:58.991 [16592:11708:1118/154958.991:ERROR:CONSOLE(1)] "Request Runtime.evaluate failed. {"code":-32602,"message":"uniqueContextId not found"}", source: devtools://devtools/bundled/devtools-frontend/front_end/core/protocol_client/protocol_client.js (1)
Nov 18, 2023 15:49:58.991 [16592:11708:1118/154958.991:ERROR:CONSOLE(1)] "uniqueContextId not found", source: devtools://devtools/bundled/devtools-frontend/front_end/core/sdk/sdk.js (1)
Nov 18, 2023 15:49:58.991 [16592:11708:1118/154958.991:ERROR:CONSOLE(1)] "Extension server error: Inspector protocol error: uniqueContextId not found", source: devtools://devtools/bundled/devtools-frontend/front_end/models/extensions/extensions.js (1)
Nov 18, 2023 15:49:59.11 [16592:11708:1118/154959.011:ERROR:CONSOLE(1)] "Received error with code E_PROTOCOLERROR while checking if react has loaded: "Inspector protocol error: %s"", source: chrome-extension://fmkadmapgofadopljbjfkapdkoienihi/build/main.js (1)
Nov 18, 2023 15:51:08.13 [16592:16964:1118/155108.013:ERROR:connection_factory_impl.cc(428)] Failed to connect to MCS endpoint with error -106
Nov 18, 2023 16:01:08.41 [16592:16964:1118/160108.041:ERROR:connection_factory_impl.cc(428)] Failed to connect to MCS endpoint with error -106
Nov 18, 2023 16:11:08.62 [16592:16964:1118/161108.062:ERROR:connection_factory_impl.cc(428)] Failed to connect to MCS endpoint with error -106
Nov 18, 2023 16:21:08.84 [16592:16964:1118/162108.084:ERROR:connection_factory_impl.cc(428)] Failed to connect to MCS endpoint with error -106
Nov 18, 2023 16:22:16.446 [1118/162216.437:ERROR:filesystem_win.cc(130)] GetFileAttributes C:\Users\lenovo\AppData\Local\Google\Chrome\User Data\Crashpad\attachments\ed4cdb9c-7f28-49c5-8af3-e06dd9fba211: The system cannot find the file specified. (0x2)
Nov 18, 2023 16:22:16.451 [1118/162216.443:ERROR:filesystem_win.cc(130)] GetFileAttributes C:\Users\lenovo\AppData\Local\Google\Chrome\User Data\Crashpad\attachments\ed4cdb9c-7f28-49c5-8af3-e06dd9fba211: The system cannot find the file specified. (0x2)
Nov 18, 2023 16:22:16.453 [1118/162216.446:ERROR:filesystem_win.cc(130)] GetFileAttributes C:\Users\lenovo\AppData\Local\Google\Chrome\User Data\Crashpad\attachments\ed4cdb9c-7f28-49c5-8af3-e06dd9fba211: The system cannot find the file specified. (0x2)
Nov 18, 2023 16:22:16.456 [1118/162216.446:ERROR:filesystem_win.cc(130)] GetFileAttributes C:\Users\lenovo\AppData\Local\Google\Chrome\User Data\Crashpad\attachments\ed4cdb9c-7f28-49c5-8af3-e06dd9fba211: The system cannot find the file specified. (0x2)
Nov 18, 2023 16:30:45.06 [16592:11708:1118/163045.006:ERROR:CONSOLE(1)] "Uncaught (in promise) SyntaxError: Unexpected token 'H', "HTTP/1.1 4"... is not valid JSON", source: devtools://devtools/bundled/devtools_app.html?remoteBase=https://chrome-devtools-frontend.appspot.com/serve_file/@eaa767197fa7dd412133d1b84f7eb60da43409c9/&can_dock=true&panel=elements&targetType=tab (1)
Nov 18, 2023 16:31:04.888 [16592:11708:1118/163104.888:ERROR:CONSOLE(1)] "Cannot find context with specified id", source: devtools://devtools/bundled/devtools-frontend/front_end/core/sdk/sdk.js (1)
Nov 18, 2023 16:31:04.888 [16592:11708:1118/163104.888:ERROR:CONSOLE(1)] "Extension server error: Inspector protocol error: Cannot find context with specified id", source: devtools://devtools/bundled/devtools-frontend/front_end/models/extensions/extensions.js (1)
Nov 18, 2023 16:31:04.894 [16592:11708:1118/163104.894:ERROR:CONSOLE(1)] "Received error with code E_PROTOCOLERROR while checking if react has loaded: "Inspector protocol error: %s"", source: chrome-extension://fmkadmapgofadopljbjfkapdkoienihi/build/main.js (1)
Nov 18, 2023 16:31:08.86 [16592:16964:1118/163108.086:ERROR:connection_factory_impl.cc(428)] Failed to connect to MCS endpoint with error -106
Nov 18, 2023 16:39:56.723 [15900:2492:1118/163956.723:ERROR:connection_factory_impl.cc(428)] Failed to connect to MCS endpoint with error -106
Nov 18, 2023 16:40:24.45 [15900:2492:1118/164024.045:ERROR:connection_factory_impl.cc(428)] Failed to connect to MCS endpoint with error -106
Nov 18, 2023 16:41:19.230 [15900:2492:1118/164119.229:ERROR:connection_factory_impl.cc(428)] Failed to connect to MCS endpoint with error -106
Nov 18, 2023 16:43:10.379 [15900:2492:1118/164310.378:ERROR:connection_factory_impl.cc(428)] Failed to connect to MCS endpoint with error -106
Nov 18, 2023 16:46:25.750 [15900:2492:1118/164625.749:ERROR:connection_factory_impl.cc(428)] Failed to connect to MCS endpoint with error -106
Nov 18, 2023 16:54:12.722 [15900:2492:1118/165412.721:ERROR:connection_factory_impl.cc(428)] Failed to connect to MCS endpoint with error -106
Nov 18, 2023 17:04:12.735 [15900:2492:1118/170412.734:ERROR:connection_factory_impl.cc(428)] Failed to connect to MCS endpoint with error -106
Nov 18, 2023 17:14:12.749 [15900:2492:1118/171412.748:ERROR:connection_factory_impl.cc(428)] Failed to connect to MCS endpoint with error -106
Nov 18, 2023 17:19:20.642 [12444:2024:1118/171920.641:ERROR:connection_factory_impl.cc(428)] Failed to connect to MCS endpoint with error -106
Nov 18, 2023 17:19:42.393 [12444:2024:1118/171942.393:ERROR:connection_factory_impl.cc(428)] Failed to connect to MCS endpoint with error -106
Nov 18, 2023 17:20:30.439 [12444:2024:1118/172030.439:ERROR:connection_factory_impl.cc(428)] Failed to connect to MCS endpoint with error -106
Nov 18, 2023 17:22:23.132 [12444:2024:1118/172223.132:ERROR:connection_factory_impl.cc(428)] Failed to connect to MCS endpoint with error -106

Nov 18, 2023 19:58:42.719 NEW SESSION
Nov 18, 2023 19:58:42.719 [8008:7480:1118/195842.717:ERROR:connection_factory_impl.cc(428)] Failed to connect to MCS endpoint with error -106
Nov 18, 2023 19:59:08.304 [8008:7480:1118/195908.304:ERROR:connection_factory_impl.cc(428)] Failed to connect to MCS endpoint with error -106
Nov 18, 2023 19:59:55.790 [8008:7480:1118/195955.790:ERROR:connection_factory_impl.cc(428)] Failed to connect to MCS endpoint with error -106
Nov 18, 2023 20:01:42.676 [8008:7480:1118/200142.675:ERROR:connection_factory_impl.cc(428)] Failed to connect to MCS endpoint with error -106
Nov 18, 2023 20:05:01.548 [8008:7480:1118/200501.548:ERROR:connection_factory_impl.cc(428)] Failed to connect to MCS endpoint with error -106
Nov 18, 2023 20:12:50.648 [8008:7480:1118/201250.647:ERROR:connection_factory_impl.cc(428)] Failed to connect to MCS endpoint with error -106
Nov 18, 2023 20:22:50.654 [8008:7480:1118/202250.653:ERROR:connection_factory_impl.cc(428)] Failed to connect to MCS endpoint with error -106
Nov 18, 2023 20:32:50.662 [8008:7480:1118/203250.662:ERROR:connection_factory_impl.cc(428)] Failed to connect to MCS endpoint with error -106
Nov 18, 2023 20:51:40.397 [8008:7480:1118/205140.397:ERROR:connection_factory_impl.cc(428)] Failed to connect to MCS endpoint with error -106
Nov 18, 2023 21:01:40.401 [8008:7480:1118/210140.401:ERROR:connection_factory_impl.cc(428)] Failed to connect to MCS endpoint with error -106
Nov 18, 2023 21:11:40.416 [8008:7480:1118/211140.415:ERROR:connection_factory_impl.cc(428)] Failed to connect to MCS endpoint with error -106
Nov 18, 2023 21:21:40.434 [8008:7480:1118/212140.434:ERROR:connection_factory_impl.cc(428)] Failed to connect to MCS endpoint with error -106
Nov 18, 2023 21:31:40.447 [8008:7480:1118/213140.447:ERROR:connection_factory_impl.cc(428)] Failed to connect to MCS endpoint with error -106
Nov 18, 2023 21:41:40.464 [8008:7480:1118/214140.464:ERROR:connection_factory_impl.cc(428)] Failed to connect to MCS endpoint with error -106
Nov 18, 2023 21:51:40.471 [8008:7480:1118/215140.471:ERROR:connection_factory_impl.cc(428)] Failed to connect to MCS endpoint with error -106
Nov 18, 2023 22:01:40.486 [8008:7480:1118/220140.486:ERROR:connection_factory_impl.cc(428)] Failed to connect to MCS endpoint with error -106
Nov 18, 2023 22:11:40.490 [8008:7480:1118/221140.489:ERROR:connection_factory_impl.cc(428)] Failed to connect to MCS endpoint with error -106
Nov 18, 2023 22:12:22.01 [8008:10256:1118/221222.001:ERROR:account_info_fetcher.cc(62)] OnGetTokenFailure: Connection failed (-106).
Nov 18, 2023 22:21:40.499 [8008:7480:1118/222140.499:ERROR:connection_factory_impl.cc(428)] Failed to connect to MCS endpoint with error -106
Nov 18, 2023 22:31:40.503 [8008:7480:1118/223140.502:ERROR:connection_factory_impl.cc(428)] Failed to connect to MCS endpoint with error -106
Nov 18, 2023 22:41:40.512 [8008:7480:1118/224140.512:ERROR:connection_factory_impl.cc(428)] Failed to connect to MCS endpoint with error -106
Nov 18, 2023 23:07:26.513 [8008:10256:1118/230726.513:ERROR:service_worker_task_queue.cc(240)] DidStartWorkerFail fmkadmapgofadopljbjfkapdkoienihi: 14
Nov 18, 2023 23:07:26.518 [8008:7480:1118/230726.518:ERROR:connection_factory_impl.cc(428)] Failed to connect to MCS endpoint with error -106
Nov 18, 2023 23:54:30.917 [8008:7480:1118/235430.917:ERROR:connection_factory_impl.cc(471)] ConnectionHandler failed with net error: -2
Nov 18, 2023 23:55:01.942 [8008:7480:1118/235501.942:ERROR:connection_factory_impl.cc(471)] ConnectionHandler failed with net error: -2
Nov 18, 2023 23:55:02.83 [8008:7480:1118/235502.083:ERROR:connection_factory_impl.cc(428)] Failed to connect to MCS endpoint with error -105

Nov 19, 2023 12:34:33.730 NEW SESSION
Nov 19, 2023 12:34:33.730 [6028:9256:1119/123433.730:ERROR:interface_endpoint_client.cc(702)] Message 0 rejected by interface blink.mojom.WidgetHost
Nov 19, 2023 12:52:57.480 [8452:3320:1119/125257.480:ERROR:interface_endpoint_client.cc(702)] Message 5 rejected by interface blink.mojom.WidgetHost
Nov 19, 2023 13:49:44.228 [8452:8672:1119/134944.228:ERROR:connection_factory_impl.cc(471)] ConnectionHandler failed with net error: -2
Nov 19, 2023 13:52:51.474 [8452:8672:1119/135251.474:ERROR:connection_factory_impl.cc(428)] Failed to connect to MCS endpoint with error -103
Nov 19, 2023 13:55:02.400 [8452:8672:1119/135502.384:ERROR:connection_factory_impl.cc(471)] ConnectionHandler failed with net error: -2
Nov 19, 2023 13:55:28.521 [8452:8672:1119/135528.521:ERROR:connection_factory_impl.cc(471)] ConnectionHandler failed with net error: -2
Nov 19, 2023 13:57:41.681 [8452:8672:1119/135741.681:ERROR:connection_factory_impl.cc(428)] Failed to connect to MCS endpoint with error -106
Nov 19, 2023 13:58:10.626 [8452:8672:1119/135810.626:ERROR:connection_factory_impl.cc(428)] Failed to connect to MCS endpoint with error -106
Nov 19, 2023 13:59:07.681 [8452:8672:1119/135907.681:ERROR:connection_factory_impl.cc(428)] Failed to connect to MCS endpoint with error -106
Nov 19, 2023 14:01:06.174 [8452:8672:1119/140106.174:ERROR:connection_factory_impl.cc(428)] Failed to connect to MCS endpoint with error -106
Nov 19, 2023 14:18:51.39 [8452:8672:1119/141851.039:ERROR:connection_factory_impl.cc(428)] Failed to connect to MCS endpoint with error -106
Nov 19, 2023 14:48:51.54 [8452:8672:1119/144851.054:ERROR:connection_factory_impl.cc(428)] Failed to connect to MCS endpoint with error -106
Nov 19, 2023 14:48:53.420 [8452:3320:1119/144853.420:ERROR:device_event_log_impl.cc(192)] [14:48:53.425] USB: usb_service_win.cc:104 SetupDiGetDeviceProperty({{A45C254E-DF1C-4EFD-8020-67D146A850E0}, 6}) failed: Element not found. (0x490)
Nov 19, 2023 14:58:51.70 [8452:8672:1119/145851.070:ERROR:connection_factory_impl.cc(428)] Failed to connect to MCS endpoint with error -106
Nov 19, 2023 15:08:51.86 [8452:8672:1119/150851.086:ERROR:connection_factory_impl.cc(428)] Failed to connect to MCS endpoint with error -106
Nov 19, 2023 15:18:51.100 [8452:8672:1119/151851.100:ERROR:connection_factory_impl.cc(428)] Failed to connect to MCS endpoint with error -106
Nov 19, 2023 15:28:51.108 [8452:8672:1119/152851.108:ERROR:connection_factory_impl.cc(428)] Failed to connect to MCS endpoint with error -106
Nov 19, 2023 15:38:51.117 [8452:8672:1119/153851.117:ERROR:connection_factory_impl.cc(428)] Failed to connect to MCS endpoint with error -106
Nov 19, 2023 15:48:51.120 [8452:8672:1119/154851.120:ERROR:connection_factory_impl.cc(428)] Failed to connect to MCS endpoint with error -106
Nov 19, 2023 15:58:51.126 [8452:8672:1119/155851.125:ERROR:connection_factory_impl.cc(428)] Failed to connect to MCS endpoint with error -106
Nov 19, 2023 16:08:51.138 [8452:8672:1119/160851.137:ERROR:connection_factory_impl.cc(428)] Failed to connect to MCS endpoint with error -106
Nov 19, 2023 16:18:51.142 [8452:8672:1119/161851.142:ERROR:connection_factory_impl.cc(428)] Failed to connect to MCS endpoint with error -106
Nov 19, 2023 16:44:07.602 [8452:8672:1119/164407.602:ERROR:connection_factory_impl.cc(428)] Failed to connect to MCS endpoint with error -106
Nov 19, 2023 16:44:07.617 [8452:9176:1119/164407.610:ERROR:get_updates_processor.cc(263)] PostClientToServerMessage() failed during GetUpdates with error Network error (ERR_INTERNET_DISCONNECTED)
Nov 19, 2023 16:44:52.616 [8452:9176:1119/164452.615:ERROR:get_updates_processor.cc(263)] PostClientToServerMessage() failed during GetUpdates with error Network error (ERR_INTERNET_DISCONNECTED)
Nov 19, 2023 16:46:45.128 [8452:9176:1119/164645.128:ERROR:get_updates_processor.cc(263)] PostClientToServerMessage() failed during GetUpdates with error Network error (ERR_INTERNET_DISCONNECTED)
Nov 19, 2023 16:51:26.393 [8452:9176:1119/165126.393:ERROR:get_updates_processor.cc(263)] PostClientToServerMessage() failed during GetUpdates with error Network error (ERR_INTERNET_DISCONNECTED)
Nov 19, 2023 16:54:07.607 [8452:8672:1119/165407.607:ERROR:connection_factory_impl.cc(428)] Failed to connect to MCS endpoint with error -106
Nov 19, 2023 17:01:26.412 [8452:9176:1119/170126.411:ERROR:get_updates_processor.cc(263)] PostClientToServerMessage() failed during GetUpdates with error Network error (ERR_INTERNET_DISCONNECTED)
Nov 19, 2023 17:04:07.618 [8452:8672:1119/170407.618:ERROR:connection_factory_impl.cc(428)] Failed to connect to MCS endpoint with error -106
Nov 19, 2023 17:11:26.416 [8452:9176:1119/171126.416:ERROR:get_updates_processor.cc(263)] PostClientToServerMessage() failed during GetUpdates with error Network error (ERR_INTERNET_DISCONNECTED)
Nov 19, 2023 17:14:07.622 [8452:8672:1119/171407.622:ERROR:connection_factory_impl.cc(428)] Failed to connect to MCS endpoint with error -106
Nov 19, 2023 17:21:26.434 [8452:9176:1119/172126.434:ERROR:get_updates_processor.cc(263)] PostClientToServerMessage() failed during GetUpdates with error Network error (ERR_INTERNET_DISCONNECTED)
Nov 19, 2023 17:24:07.638 [8452:8672:1119/172407.637:ERROR:connection_factory_impl.cc(428)] Failed to connect to MCS endpoint with error -106
Nov 19, 2023 17:34:07.650 [8452:8672:1119/173407.650:ERROR:connection_factory_impl.cc(428)] Failed to connect to MCS endpoint with error -106
Nov 19, 2023 17:41:26.477 [8452:9176:1119/174126.477:ERROR:get_updates_processor.cc(263)] PostClientToServerMessage() failed during GetUpdates with error Network error (ERR_INTERNET_DISCONNECTED)
Nov 19, 2023 17:42:41.491 [8452:9176:1119/174241.491:ERROR:get_updates_processor.cc(263)] PostClientToServerMessage() failed during GetUpdates with error Network error (ERR_INTERNET_DISCONNECTED)
Nov 19, 2023 17:44:07.655 [8452:8672:1119/174407.655:ERROR:connection_factory_impl.cc(428)] Failed to connect to MCS endpoint with error -106
Nov 19, 2023 17:44:34.05 [8452:9176:1119/174434.004:ERROR:get_updates_processor.cc(263)] PostClientToServerMessage() failed during GetUpdates with error Network error (ERR_INTERNET_DISCONNECTED)
Nov 19, 2023 17:54:07.673 [8452:8672:1119/175407.673:ERROR:connection_factory_impl.cc(428)] Failed to connect to MCS endpoint with error -106
Nov 19, 2023 18:04:07.682 [8452:8672:1119/180407.682:ERROR:connection_factory_impl.cc(428)] Failed to connect to MCS endpoint with error -106
Nov 19, 2023 18:06:17.193 [8452:9176:1119/180617.192:ERROR:get_updates_processor.cc(263)] PostClientToServerMessage() failed during GetUpdates with error Network error (ERR_INTERNET_DISCONNECTED)
Nov 19, 2023 18:07:32.199 [8452:9176:1119/180732.198:ERROR:get_updates_processor.cc(263)] PostClientToServerMessage() failed during GetUpdates with error Network error (ERR_INTERNET_DISCONNECTED)
Nov 19, 2023 18:09:24.702 [8452:9176:1119/180924.702:ERROR:get_updates_processor.cc(263)] PostClientToServerMessage() failed during GetUpdates with error Network error (ERR_INTERNET_DISCONNECTED)
Nov 19, 2023 18:14:07.698 [8452:8672:1119/181407.698:ERROR:connection_factory_impl.cc(428)] Failed to connect to MCS endpoint with error -106
Nov 19, 2023 18:16:26.618 [8452:9176:1119/181626.618:ERROR:get_updates_processor.cc(263)] PostClientToServerMessage() failed during GetUpdates with error Network error (ERR_INTERNET_DISCONNECTED)
Nov 19, 2023 18:17:41.625 [8452:9176:1119/181741.625:ERROR:get_updates_processor.cc(263)] PostClientToServerMessage() failed during GetUpdates with error Network error (ERR_INTERNET_DISCONNECTED)
Nov 19, 2023 18:20:49.142 [8452:9176:1119/182049.142:ERROR:get_updates_processor.cc(263)] PostClientToServerMessage() failed during GetUpdates with error Network error (ERR_INTERNET_DISCONNECTED)
Nov 19, 2023 18:24:07.708 [8452:8672:1119/182407.708:ERROR:connection_factory_impl.cc(428)] Failed to connect to MCS endpoint with error -106
Nov 19, 2023 18:32:32.307 [8452:9176:1119/183232.307:ERROR:get_updates_processor.cc(263)] PostClientToServerMessage() failed during GetUpdates with error Network error (ERR_INTERNET_DISCONNECTED)
Nov 19, 2023 18:33:47.318 [8452:9176:1119/183347.317:ERROR:get_updates_processor.cc(263)] PostClientToServerMessage() failed during GetUpdates with error Network error (ERR_INTERNET_DISCONNECTED)
Nov 19, 2023 18:34:07.719 [8452:8672:1119/183407.718:ERROR:connection_factory_impl.cc(428)] Failed to connect to MCS endpoint with error -106
Nov 19, 2023 18:35:39.832 [8452:9176:1119/183539.832:ERROR:get_updates_processor.cc(263)] PostClientToServerMessage() failed during GetUpdates with error Network error (ERR_INTERNET_DISCONNECTED)
Nov 19, 2023 18:38:28.602 [8452:9176:1119/183828.602:ERROR:get_updates_processor.cc(263)] PostClientToServerMessage() failed during GetUpdates with error Network error (ERR_INTERNET_DISCONNECTED)
Nov 19, 2023 18:44:07.734 [8452:8672:1119/184407.733:ERROR:connection_factory_impl.cc(428)] Failed to connect to MCS endpoint with error -106
Nov 19, 2023 18:45:30.494 [8452:9176:1119/184530.493:ERROR:get_updates_processor.cc(263)] PostClientToServerMessage() failed during GetUpdates with error Network error (ERR_INTERNET_DISCONNECTED)
Nov 19, 2023 18:54:07.736 [8452:8672:1119/185407.736:ERROR:connection_factory_impl.cc(428)] Failed to connect to MCS endpoint with error -106
Nov 19, 2023 18:55:30.498 [8452:9176:1119/185530.498:ERROR:get_updates_processor.cc(263)] PostClientToServerMessage() failed during GetUpdates with error Network error (ERR_INTERNET_DISCONNECTED)
Nov 19, 2023 19:04:07.768 [8452:8672:1119/190407.767:ERROR:connection_factory_impl.cc(428)] Failed to connect to MCS endpoint with error -106
Nov 19, 2023 19:05:30.518 [8452:9176:1119/190530.517:ERROR:get_updates_processor.cc(263)] PostClientToServerMessage() failed during GetUpdates with error Network error (ERR_INTERNET_DISCONNECTED)

Nov 20, 2023 14:45:12.105 NEW SESSION
Nov 20, 2023 14:45:12.105 [5572:5032:1120/144512.103:ERROR:connection_factory_impl.cc(428)] Failed to connect to MCS endpoint with error -106
Nov 20, 2023 14:45:33.73 [5572:5032:1120/144533.073:ERROR:connection_factory_impl.cc(428)] Failed to connect to MCS endpoint with error -106
Nov 20, 2023 14:46:18.539 [5572:5032:1120/144618.539:ERROR:connection_factory_impl.cc(428)] Failed to connect to MCS endpoint with error -106
Nov 20, 2023 14:48:13.129 [5572:5032:1120/144813.129:ERROR:connection_factory_impl.cc(428)] Failed to connect to MCS endpoint with error -106
Nov 20, 2023 14:51:16.584 [5572:5032:1120/145116.584:ERROR:connection_factory_impl.cc(428)] Failed to connect to MCS endpoint with error -106
Nov 20, 2023 14:58:26.481 [5572:5032:1120/145826.481:ERROR:connection_factory_impl.cc(428)] Failed to connect to MCS endpoint with error -106
Nov 20, 2023 15:08:26.497 [5572:5032:1120/150826.497:ERROR:connection_factory_impl.cc(428)] Failed to connect to MCS endpoint with error -106
Nov 20, 2023 15:18:26.504 [5572:5032:1120/151826.503:ERROR:connection_factory_impl.cc(428)] Failed to connect to MCS endpoint with error -106
Nov 20, 2023 15:28:26.524 [5572:5032:1120/152826.524:ERROR:connection_factory_impl.cc(428)] Failed to connect to MCS endpoint with error -106
Nov 20, 2023 15:38:26.532 [5572:5032:1120/153826.532:ERROR:connection_factory_impl.cc(428)] Failed to connect to MCS endpoint with error -106
Nov 20, 2023 15:48:26.541 [5572:5032:1120/154826.541:ERROR:connection_factory_impl.cc(428)] Failed to connect to MCS endpoint with error -106
Nov 20, 2023 15:58:26.555 [5572:5032:1120/155826.555:ERROR:connection_factory_impl.cc(428)] Failed to connect to MCS endpoint with error -106
Nov 20, 2023 16:02:16.942 [5572:13208:1120/160216.942:ERROR:interface_endpoint_client.cc(702)] Message 0 rejected by interface blink.mojom.WidgetHost
Nov 20, 2023 16:08:26.571 [5572:5032:1120/160826.571:ERROR:connection_factory_impl.cc(428)] Failed to connect to MCS endpoint with error -106
Nov 20, 2023 16:18:26.585 [5572:5032:1120/161826.584:ERROR:connection_factory_impl.cc(428)] Failed to connect to MCS endpoint with error -106
Nov 20, 2023 16:28:26.609 [5572:5032:1120/162826.608:ERROR:connection_factory_impl.cc(428)] Failed to connect to MCS endpoint with error -106
Nov 20, 2023 16:38:26.620 [5572:5032:1120/163826.620:ERROR:connection_factory_impl.cc(428)] Failed to connect to MCS endpoint with error -106
Nov 20, 2023 16:48:26.643 [5572:5032:1120/164826.642:ERROR:connection_factory_impl.cc(428)] Failed to connect to MCS endpoint with error -106
Nov 20, 2023 16:58:26.658 [5572:5032:1120/165826.658:ERROR:connection_factory_impl.cc(428)] Failed to connect to MCS endpoint with error -106
Nov 20, 2023 17:08:26.681 [5572:5032:1120/170826.681:ERROR:connection_factory_impl.cc(428)] Failed to connect to MCS endpoint with error -106
Nov 20, 2023 17:18:26.696 [5572:5032:1120/171826.696:ERROR:connection_factory_impl.cc(428)] Failed to connect to MCS endpoint with error -106
Nov 20, 2023 17:28:26.708 [5572:5032:1120/172826.708:ERROR:connection_factory_impl.cc(428)] Failed to connect to MCS endpoint with error -106
Nov 20, 2023 17:38:26.735 [5572:5032:1120/173826.735:ERROR:connection_factory_impl.cc(428)] Failed to connect to MCS endpoint with error -106
Nov 20, 2023 20:39:03.681 [5572:5032:1120/203903.681:ERROR:connection_factory_impl.cc(471)] ConnectionHandler failed with net error: -2
Nov 20, 2023 21:24:06.574 [5572:5032:1120/212406.574:ERROR:connection_factory_impl.cc(428)] Failed to connect to MCS endpoint with error -7
Nov 20, 2023 21:25:08.129 [5572:5032:1120/212508.129:ERROR:connection_factory_impl.cc(471)] ConnectionHandler failed with net error: -2

Nov 23, 2023 18:14:38.715 NEW SESSION
Nov 23, 2023 18:14:38.715 [3372:12500:1123/181438.713:ERROR:connection_factory_impl.cc(471)] ConnectionHandler failed with net error: -2
Nov 23, 2023 22:41:44.957 [3372:12500:1123/224144.957:ERROR:connection_factory_impl.cc(428)] Failed to connect to MCS endpoint with error -7

Nov 26, 2023 11:19:12.50 NEW SESSION
Nov 26, 2023 11:19:12.50 [17224:20132:1126/111418.247:ERROR:connection_factory_impl.cc(471)] ConnectionHandler failed with net error: -2
Nov 26, 2023 11:19:12.128 [17224:20132:1126/111912.116:ERROR:connection_factory_impl.cc(428)] Failed to connect to MCS endpoint with error -7
Nov 26, 2023 12:09:46.848 [17224:20132:1126/120946.847:ERROR:connection_factory_impl.cc(471)] ConnectionHandler failed with net error: -2
Nov 26, 2023 12:24:42.140 [17224:20132:1126/122442.140:ERROR:connection_factory_impl.cc(428)] Failed to connect to MCS endpoint with error -7
Nov 26, 2023 13:05:24.590 [17224:20132:1126/130524.589:ERROR:connection_factory_impl.cc(471)] ConnectionHandler failed with net error: -2
Nov 26, 2023 13:29:14.395 [17224:20132:1126/132914.395:ERROR:connection_factory_impl.cc(428)] Failed to connect to MCS endpoint with error -7
Nov 26, 2023 14:02:34.463 [17224:20132:1126/140234.463:ERROR:connection_factory_impl.cc(471)] ConnectionHandler failed with net error: -2
Nov 26, 2023 14:52:16.871 [17224:20132:1126/145216.871:ERROR:connection_factory_impl.cc(471)] ConnectionHandler failed with net error: -2
Nov 26, 2023 14:58:26.760 [17224:20132:1126/145826.760:ERROR:connection_factory_impl.cc(428)] Failed to connect to MCS endpoint with error -7

Nov 26, 2023 21:25:30.184 NEW SESSION
Nov 26, 2023 21:25:30.185 [13988:11544:1126/204323.871:ERROR:connection_factory_impl.cc(471)] ConnectionHandler failed with net error: -2
Nov 26, 2023 21:25:30.208 [13988:11544:1126/212530.208:ERROR:connection_factory_impl.cc(428)] Failed to connect to MCS endpoint with error -7
